h:\csc8503\project\build\csc8503coreclasses\csc8503coreclasses.dir\debug\cmake_pch.pch
h:\csc8503\project\x64\debug\csc8503coreclasses.pdb
h:\csc8503\project\build\csc8503coreclasses\csc8503coreclasses.dir\debug\cmake_pch.obj
h:\csc8503\project\build\csc8503coreclasses\csc8503coreclasses.dir\debug\debug.h.obj
h:\csc8503\project\build\csc8503coreclasses\csc8503coreclasses.dir\debug\gameobject.h.obj
h:\csc8503\project\build\csc8503coreclasses\csc8503coreclasses.dir\debug\gameworld.h.obj
h:\csc8503\project\build\csc8503coreclasses\csc8503coreclasses.dir\debug\renderobject.h.obj
h:\csc8503\project\build\csc8503coreclasses\csc8503coreclasses.dir\debug\transform.h.obj
h:\csc8503\project\build\csc8503coreclasses\csc8503coreclasses.dir\debug\debug.cpp.obj
h:\csc8503\project\build\csc8503coreclasses\csc8503coreclasses.dir\debug\gameobject.cpp.obj
h:\csc8503\project\build\csc8503coreclasses\csc8503coreclasses.dir\debug\gameworld.cpp.obj
h:\csc8503\project\build\csc8503coreclasses\csc8503coreclasses.dir\debug\renderobject.cpp.obj
h:\csc8503\project\build\csc8503coreclasses\csc8503coreclasses.dir\debug\transform.cpp.obj
h:\csc8503\project\build\csc8503coreclasses\csc8503coreclasses.dir\debug\host.obj
h:\csc8503\project\build\csc8503coreclasses\csc8503coreclasses.dir\debug\compress.obj
h:\csc8503\project\build\csc8503coreclasses\csc8503coreclasses.dir\debug\utility.obj
h:\csc8503\project\build\csc8503coreclasses\csc8503coreclasses.dir\debug\types.obj
h:\csc8503\project\build\csc8503coreclasses\csc8503coreclasses.dir\debug\time.obj
h:\csc8503\project\build\csc8503coreclasses\csc8503coreclasses.dir\debug\enet.obj
h:\csc8503\project\build\csc8503coreclasses\csc8503coreclasses.dir\debug\callbacks.obj
h:\csc8503\project\build\csc8503coreclasses\csc8503coreclasses.dir\debug\constraint.obj
h:\csc8503\project\build\csc8503coreclasses\csc8503coreclasses.dir\debug\spherevolume.obj
h:\csc8503\project\build\csc8503coreclasses\csc8503coreclasses.dir\debug\ray.obj
h:\csc8503\project\build\csc8503coreclasses\csc8503coreclasses.dir\debug\obbvolume.obj
h:\csc8503\project\build\csc8503coreclasses\csc8503coreclasses.dir\debug\collisionvolume.obj
h:\csc8503\project\build\csc8503coreclasses\csc8503coreclasses.dir\debug\aabbvolume.obj
h:\csc8503\project\build\csc8503coreclasses\csc8503coreclasses.dir\debug\navigationpath.obj
h:\csc8503\project\build\csc8503coreclasses\csc8503coreclasses.dir\debug\navigationmap.obj
h:\csc8503\project\build\csc8503coreclasses\csc8503coreclasses.dir\debug\statetransition.obj
h:\csc8503\project\build\csc8503coreclasses\csc8503coreclasses.dir\debug\state.obj
h:\csc8503\project\build\csc8503coreclasses\csc8503coreclasses.dir\debug\behaviournodewithchildren.obj
h:\csc8503\project\build\csc8503coreclasses\csc8503coreclasses.dir\debug\behaviournode.obj
h:\csc8503\project\build\csc8503coreclasses\csc8503coreclasses.dir\debug\behaviouraction.obj
h:\csc8503\project\build\csc8503coreclasses\csc8503coreclasses.dir\debug\peer.obj
h:\csc8503\project\build\csc8503coreclasses\csc8503coreclasses.dir\debug\packet.obj
h:\csc8503\project\build\csc8503coreclasses\csc8503coreclasses.dir\debug\behaviourselector.h.obj
h:\csc8503\project\build\csc8503coreclasses\csc8503coreclasses.dir\debug\behaviourselector.cpp.obj
h:\csc8503\project\build\csc8503coreclasses\csc8503coreclasses.dir\debug\behavioursequence.h.obj
h:\csc8503\project\build\csc8503coreclasses\csc8503coreclasses.dir\debug\behavioursequence.cpp.obj
h:\csc8503\project\build\csc8503coreclasses\csc8503coreclasses.dir\debug\pushdownmachine.h.obj
h:\csc8503\project\build\csc8503coreclasses\csc8503coreclasses.dir\debug\pushdownmachine.cpp.obj
h:\csc8503\project\build\csc8503coreclasses\csc8503coreclasses.dir\debug\pushdownstate.h.obj
h:\csc8503\project\build\csc8503coreclasses\csc8503coreclasses.dir\debug\pushdownstate.cpp.obj
h:\csc8503\project\build\csc8503coreclasses\csc8503coreclasses.dir\debug\statemachine.h.obj
h:\csc8503\project\build\csc8503coreclasses\csc8503coreclasses.dir\debug\statemachine.cpp.obj
h:\csc8503\project\build\csc8503coreclasses\csc8503coreclasses.dir\debug\navigationgrid.h.obj
h:\csc8503\project\build\csc8503coreclasses\csc8503coreclasses.dir\debug\navigationgrid.cpp.obj
h:\csc8503\project\build\csc8503coreclasses\csc8503coreclasses.dir\debug\navigationmesh.cpp.obj
h:\csc8503\project\build\csc8503coreclasses\csc8503coreclasses.dir\debug\navigationmesh.h.obj
h:\csc8503\project\build\csc8503coreclasses\csc8503coreclasses.dir\debug\capsulevolume.h.obj
h:\csc8503\project\build\csc8503coreclasses\csc8503coreclasses.dir\debug\capsulevolume.cpp.obj
h:\csc8503\project\build\csc8503coreclasses\csc8503coreclasses.dir\debug\collisiondetection.h.obj
h:\csc8503\project\build\csc8503coreclasses\csc8503coreclasses.dir\debug\collisiondetection.cpp.obj
h:\csc8503\project\build\csc8503coreclasses\csc8503coreclasses.dir\debug\quadtree.h.obj
h:\csc8503\project\build\csc8503coreclasses\csc8503coreclasses.dir\debug\quadtree.cpp.obj
h:\csc8503\project\build\csc8503coreclasses\csc8503coreclasses.dir\debug\layer.h.obj
h:\csc8503\project\build\csc8503coreclasses\csc8503coreclasses.dir\debug\layer.cpp.obj
h:\csc8503\project\build\csc8503coreclasses\csc8503coreclasses.dir\debug\gameclient.h.obj
h:\csc8503\project\build\csc8503coreclasses\csc8503coreclasses.dir\debug\gameclient.cpp.obj
h:\csc8503\project\build\csc8503coreclasses\csc8503coreclasses.dir\debug\gameserver.h.obj
h:\csc8503\project\build\csc8503coreclasses\csc8503coreclasses.dir\debug\gameserver.cpp.obj
h:\csc8503\project\build\csc8503coreclasses\csc8503coreclasses.dir\debug\networkbase.h.obj
h:\csc8503\project\build\csc8503coreclasses\csc8503coreclasses.dir\debug\networkbase.cpp.obj
h:\csc8503\project\build\csc8503coreclasses\csc8503coreclasses.dir\debug\networkobject.h.obj
h:\csc8503\project\build\csc8503coreclasses\csc8503coreclasses.dir\debug\networkobject.cpp.obj
h:\csc8503\project\build\csc8503coreclasses\csc8503coreclasses.dir\debug\networkstate.h.obj
h:\csc8503\project\build\csc8503coreclasses\csc8503coreclasses.dir\debug\networkstate.cpp.obj
h:\csc8503\project\build\csc8503coreclasses\csc8503coreclasses.dir\debug\positionconstraint.cpp.obj
h:\csc8503\project\build\csc8503coreclasses\csc8503coreclasses.dir\debug\positionconstraint.h.obj
h:\csc8503\project\build\csc8503coreclasses\csc8503coreclasses.dir\debug\orientationconstraint.cpp.obj
h:\csc8503\project\build\csc8503coreclasses\csc8503coreclasses.dir\debug\orientationconstraint.h.obj
h:\csc8503\project\build\csc8503coreclasses\csc8503coreclasses.dir\debug\physicsobject.cpp.obj
h:\csc8503\project\build\csc8503coreclasses\csc8503coreclasses.dir\debug\physicsobject.h.obj
h:\csc8503\project\build\csc8503coreclasses\csc8503coreclasses.dir\debug\physicssystem.cpp.obj
h:\csc8503\project\build\csc8503coreclasses\csc8503coreclasses.dir\debug\physicssystem.h.obj
h:\csc8503\project\build\csc8503coreclasses\csc8503coreclasses.dir\debug\enet\list.h.obj
h:\csc8503\project\build\csc8503coreclasses\csc8503coreclasses.dir\debug\enet\list.c.obj
h:\csc8503\project\build\csc8503coreclasses\csc8503coreclasses.dir\debug\enet\protocol.h.obj
h:\csc8503\project\build\csc8503coreclasses\csc8503coreclasses.dir\debug\enet\protocol.c.obj
h:\csc8503\project\build\csc8503coreclasses\csc8503coreclasses.dir\debug\enet\win32.h.obj
h:\csc8503\project\build\csc8503coreclasses\csc8503coreclasses.dir\debug\enet\win32.c.obj
h:\csc8503\project\build\csc8503coreclasses\cmakefiles\generate.stamp
h:\csc8503\project\x64\debug\csc8503coreclasses.lib
h:\csc8503\project\build\csc8503coreclasses\csc8503coreclasses.dir\debug\csc8503c.884ab21c.tlog\cl.command.1.tlog
h:\csc8503\project\build\csc8503coreclasses\csc8503coreclasses.dir\debug\csc8503c.884ab21c.tlog\cl.read.1.tlog
h:\csc8503\project\build\csc8503coreclasses\csc8503coreclasses.dir\debug\csc8503c.884ab21c.tlog\cl.write.1.tlog
h:\csc8503\project\build\csc8503coreclasses\csc8503coreclasses.dir\debug\csc8503c.884ab21c.tlog\custombuild.command.1.tlog
h:\csc8503\project\build\csc8503coreclasses\csc8503coreclasses.dir\debug\csc8503c.884ab21c.tlog\custombuild.read.1.tlog
h:\csc8503\project\build\csc8503coreclasses\csc8503coreclasses.dir\debug\csc8503c.884ab21c.tlog\custombuild.write.1.tlog
h:\csc8503\project\build\csc8503coreclasses\csc8503coreclasses.dir\debug\csc8503c.884ab21c.tlog\lib-link.read.1.tlog
h:\csc8503\project\build\csc8503coreclasses\csc8503coreclasses.dir\debug\csc8503c.884ab21c.tlog\lib-link.write.1.tlog
h:\csc8503\project\build\csc8503coreclasses\csc8503coreclasses.dir\debug\csc8503c.884ab21c.tlog\lib.command.1.tlog
