h:\csc8503\project\build\csc8503\csc8503.dir\debug\cmake_pch.pch
h:\csc8503\project\build\csc8503\csc8503.dir\debug\vc142.pdb
h:\csc8503\project\build\csc8503\csc8503.dir\debug\cmake_pch.obj
h:\csc8503\project\build\csc8503\csc8503.dir\debug\goose.obj
h:\csc8503\project\build\csc8503\csc8503.dir\debug\button.obj
h:\csc8503\project\build\csc8503\csc8503.dir\debug\human.obj
h:\csc8503\project\build\csc8503\csc8503.dir\debug\destructibleobject.obj
h:\csc8503\project\build\csc8503\csc8503.dir\debug\player.obj
h:\csc8503\project\build\csc8503\csc8503.dir\debug\tutorialgame.obj
h:\csc8503\project\build\csc8503\csc8503.dir\debug\stategameobject.obj
h:\csc8503\project\build\csc8503\csc8503.dir\debug\networkplayer.obj
h:\csc8503\project\build\csc8503\csc8503.dir\debug\networkedgame.obj
h:\csc8503\project\build\csc8503\csc8503.dir\debug\main.obj
h:\csc8503\project\build\csc8503\csc8503.dir\debug\gametechrenderer.obj
h:\csc8503\project\build\csc8503\cmakefiles\generate.stamp
h:\csc8503\project\build\csc8503\csc8503.dir\debug\csc8503.ilk
h:\csc8503\project\x64\debug\csc8503.exe
h:\csc8503\project\x64\debug\csc8503.pdb
h:\csc8503\project\build\csc8503\csc8503.dir\debug\csc8503.tlog\cl.command.1.tlog
h:\csc8503\project\build\csc8503\csc8503.dir\debug\csc8503.tlog\cl.read.1.tlog
h:\csc8503\project\build\csc8503\csc8503.dir\debug\csc8503.tlog\cl.write.1.tlog
h:\csc8503\project\build\csc8503\csc8503.dir\debug\csc8503.tlog\custombuild.command.1.tlog
h:\csc8503\project\build\csc8503\csc8503.dir\debug\csc8503.tlog\custombuild.read.1.tlog
h:\csc8503\project\build\csc8503\csc8503.dir\debug\csc8503.tlog\custombuild.write.1.tlog
h:\csc8503\project\build\csc8503\csc8503.dir\debug\csc8503.tlog\link.command.1.tlog
h:\csc8503\project\build\csc8503\csc8503.dir\debug\csc8503.tlog\link.read.1.tlog
h:\csc8503\project\build\csc8503\csc8503.dir\debug\csc8503.tlog\link.write.1.tlog
