h:\csc8503\project\x64\debug\nclcoreclasses.pdb
h:\csc8503\project\build\nclcoreclasses\nclcoreclasses.dir\debug\camera.obj
h:\csc8503\project\build\nclcoreclasses\nclcoreclasses.dir\debug\texturebase.obj
h:\csc8503\project\build\nclcoreclasses\nclcoreclasses.dir\debug\shaderbase.obj
h:\csc8503\project\build\nclcoreclasses\nclcoreclasses.dir\debug\rendererbase.obj
h:\csc8503\project\build\nclcoreclasses\nclcoreclasses.dir\debug\meshmaterial.obj
h:\csc8503\project\build\nclcoreclasses\nclcoreclasses.dir\debug\meshgeometry.obj
h:\csc8503\project\build\nclcoreclasses\nclcoreclasses.dir\debug\meshanimation.obj
h:\csc8503\project\build\nclcoreclasses\nclcoreclasses.dir\debug\vector4.obj
h:\csc8503\project\build\nclcoreclasses\nclcoreclasses.dir\debug\vector3.obj
h:\csc8503\project\build\nclcoreclasses\nclcoreclasses.dir\debug\vector2.obj
h:\csc8503\project\build\nclcoreclasses\nclcoreclasses.dir\debug\quaternion.obj
h:\csc8503\project\build\nclcoreclasses\nclcoreclasses.dir\debug\plane.obj
h:\csc8503\project\build\nclcoreclasses\nclcoreclasses.dir\debug\matrix4.obj
h:\csc8503\project\build\nclcoreclasses\nclcoreclasses.dir\debug\matrix3.obj
h:\csc8503\project\build\nclcoreclasses\nclcoreclasses.dir\debug\matrix2.obj
h:\csc8503\project\build\nclcoreclasses\nclcoreclasses.dir\debug\maths.obj
h:\csc8503\project\build\nclcoreclasses\nclcoreclasses.dir\debug\texturewriter.obj
h:\csc8503\project\build\nclcoreclasses\nclcoreclasses.dir\debug\textureloader.obj
h:\csc8503\project\build\nclcoreclasses\nclcoreclasses.dir\debug\simplefont.obj
h:\csc8503\project\build\nclcoreclasses\nclcoreclasses.dir\debug\assets.obj
h:\csc8503\project\build\nclcoreclasses\nclcoreclasses.dir\debug\win32window.obj
h:\csc8503\project\build\nclcoreclasses\nclcoreclasses.dir\debug\win32mouse.obj
h:\csc8503\project\build\nclcoreclasses\nclcoreclasses.dir\debug\win32keyboard.obj
h:\csc8503\project\build\nclcoreclasses\nclcoreclasses.dir\debug\window.obj
h:\csc8503\project\build\nclcoreclasses\nclcoreclasses.dir\debug\mouse.obj
h:\csc8503\project\build\nclcoreclasses\nclcoreclasses.dir\debug\keyboard.obj
h:\csc8503\project\build\nclcoreclasses\nclcoreclasses.dir\debug\gametimer.obj
h:\csc8503\project\build\nclcoreclasses\cmakefiles\generate.stamp
h:\csc8503\project\x64\debug\nclcoreclasses.lib
h:\csc8503\project\build\nclcoreclasses\nclcoreclasses.dir\debug\nclcoreclasses.tlog\cl.command.1.tlog
h:\csc8503\project\build\nclcoreclasses\nclcoreclasses.dir\debug\nclcoreclasses.tlog\cl.read.1.tlog
h:\csc8503\project\build\nclcoreclasses\nclcoreclasses.dir\debug\nclcoreclasses.tlog\cl.write.1.tlog
h:\csc8503\project\build\nclcoreclasses\nclcoreclasses.dir\debug\nclcoreclasses.tlog\custombuild.command.1.tlog
h:\csc8503\project\build\nclcoreclasses\nclcoreclasses.dir\debug\nclcoreclasses.tlog\custombuild.read.1.tlog
h:\csc8503\project\build\nclcoreclasses\nclcoreclasses.dir\debug\nclcoreclasses.tlog\custombuild.write.1.tlog
h:\csc8503\project\build\nclcoreclasses\nclcoreclasses.dir\debug\nclcoreclasses.tlog\lib-link.read.1.tlog
h:\csc8503\project\build\nclcoreclasses\nclcoreclasses.dir\debug\nclcoreclasses.tlog\lib-link.write.1.tlog
h:\csc8503\project\build\nclcoreclasses\nclcoreclasses.dir\debug\nclcoreclasses.tlog\lib.command.1.tlog
