h:\csc8503\project\x64\debug\openglrendering.pdb
h:\csc8503\project\build\openglrendering\openglrendering.dir\debug\oglcomputeshader.h.obj
h:\csc8503\project\build\openglrendering\openglrendering.dir\debug\oglmesh.h.obj
h:\csc8503\project\build\openglrendering\openglrendering.dir\debug\oglrenderer.h.obj
h:\csc8503\project\build\openglrendering\openglrendering.dir\debug\oglshader.h.obj
h:\csc8503\project\build\openglrendering\openglrendering.dir\debug\ogltexture.h.obj
h:\csc8503\project\build\openglrendering\openglrendering.dir\debug\oglcomputeshader.cpp.obj
h:\csc8503\project\build\openglrendering\openglrendering.dir\debug\oglmesh.cpp.obj
h:\csc8503\project\build\openglrendering\openglrendering.dir\debug\oglrenderer.cpp.obj
h:\csc8503\project\build\openglrendering\openglrendering.dir\debug\oglshader.cpp.obj
h:\csc8503\project\build\openglrendering\openglrendering.dir\debug\ogltexture.cpp.obj
h:\csc8503\project\build\openglrendering\openglrendering.dir\debug\glad\gl.h.obj
h:\csc8503\project\build\openglrendering\openglrendering.dir\debug\glad\gl.c.obj
h:\csc8503\project\build\openglrendering\cmakefiles\generate.stamp
h:\csc8503\project\x64\debug\openglrendering.lib
h:\csc8503\project\build\openglrendering\openglrendering.dir\debug\openglrendering.tlog\cl.command.1.tlog
h:\csc8503\project\build\openglrendering\openglrendering.dir\debug\openglrendering.tlog\cl.read.1.tlog
h:\csc8503\project\build\openglrendering\openglrendering.dir\debug\openglrendering.tlog\cl.write.1.tlog
h:\csc8503\project\build\openglrendering\openglrendering.dir\debug\openglrendering.tlog\custombuild.command.1.tlog
h:\csc8503\project\build\openglrendering\openglrendering.dir\debug\openglrendering.tlog\custombuild.read.1.tlog
h:\csc8503\project\build\openglrendering\openglrendering.dir\debug\openglrendering.tlog\custombuild.write.1.tlog
h:\csc8503\project\build\openglrendering\openglrendering.dir\debug\openglrendering.tlog\lib-link.read.1.tlog
h:\csc8503\project\build\openglrendering\openglrendering.dir\debug\openglrendering.tlog\lib-link.write.1.tlog
h:\csc8503\project\build\openglrendering\openglrendering.dir\debug\openglrendering.tlog\lib.command.1.tlog
